Doxygen version used: 1.9.8
Searching for include files...
Searching for example files...
Searching for images...
Searching for dot files...
Searching for msc files...
Searching for dia files...
Searching for files to exclude
Searching INPUT for files to process...
Searching for files in directory /home/acepitech/Epitech/stage/SCRAT/druid
Searching for files in directory /home/acepitech/Epitech/stage/SCRAT/druid/data-files
Searching for files in directory /home/acepitech/Epitech/stage/SCRAT/druid/src
Searching for files in directory /home/acepitech/Epitech/stage/SCRAT/druid/src/INFO_FILE
Searching for files in directory /home/acepitech/Epitech/stage/SCRAT/druid/include
Reading and parsing tag files
Parsing files
Preprocessing /home/acepitech/Epitech/stage/SCRAT/druid/include/druid.h...
Parsing file /home/acepitech/Epitech/stage/SCRAT/druid/include/druid.h...
Preprocessing /home/acepitech/Epitech/stage/SCRAT/druid/include/seen_devices.h...
Parsing file /home/acepitech/Epitech/stage/SCRAT/druid/include/seen_devices.h...
Preprocessing /home/acepitech/Epitech/stage/SCRAT/druid/src/display_file.c...
Parsing file /home/acepitech/Epitech/stage/SCRAT/druid/src/display_file.c...
Preprocessing /home/acepitech/Epitech/stage/SCRAT/druid/src/display_risk_stats_and_unknown_device.c...
Parsing file /home/acepitech/Epitech/stage/SCRAT/druid/src/display_risk_stats_and_unknown_device.c...
Preprocessing /home/acepitech/Epitech/stage/SCRAT/druid/src/free_usb_db_entry.c...
Parsing file /home/acepitech/Epitech/stage/SCRAT/druid/src/free_usb_db_entry.c...
Preprocessing /home/acepitech/Epitech/stage/SCRAT/druid/src/handle_cli_info_flags.c...
Parsing file /home/acepitech/Epitech/stage/SCRAT/druid/src/handle_cli_info_flags.c...
Preprocessing /home/acepitech/Epitech/stage/SCRAT/druid/src/init_struct_db_and_device.c...
Parsing file /home/acepitech/Epitech/stage/SCRAT/druid/src/init_struct_db_and_device.c...
Preprocessing /home/acepitech/Epitech/stage/SCRAT/druid/src/init_usb_enumerator.c...
Parsing file /home/acepitech/Epitech/stage/SCRAT/druid/src/init_usb_enumerator.c...
Preprocessing /home/acepitech/Epitech/stage/SCRAT/druid/src/load_usb_db_from_file.c...
Parsing file /home/acepitech/Epitech/stage/SCRAT/druid/src/load_usb_db_from_file.c...
Preprocessing /home/acepitech/Epitech/stage/SCRAT/druid/src/main.c...
Parsing file /home/acepitech/Epitech/stage/SCRAT/druid/src/main.c...
Preprocessing /home/acepitech/Epitech/stage/SCRAT/druid/src/scan_connected_usb_and_check_risks.c...
Parsing file /home/acepitech/Epitech/stage/SCRAT/druid/src/scan_connected_usb_and_check_risks.c...
Building macro definition list...
Building group list...
Building directory list...
Building namespace list...
Building file list...
Building class list...
Building concept list...
Computing nesting relations for classes...
Associating documentation with classes...
Associating documentation with concepts...
Associating documentation with modules...
Building example list...
Searching for enumerations...
Searching for documented typedefs...
Searching for members imported via using declarations...
Searching for included using directives...
Searching for documented variables...
Building interface member list...
Building member list...
Searching for friends...
Searching for documented defines...
Computing class inheritance relations...
Computing class usage relations...
Flushing cached template relations that have become invalid...
Computing class relations...
Add enum values to enums...
Searching for member function documentation...
Creating members for template instances...
Building page list...
Search for main page...
Computing page relations...
Determining the scope of groups...
Computing module relations...
Sorting lists...
Determining which enums are documented
Computing member relations...
Building full member lists recursively...
Adding members to member groups.
Computing member references...
Inheriting documentation...
Generating disk names...
Adding source references...
Adding xrefitems...
Sorting member lists...
Setting anonymous enum type...
Computing dependencies between directories...
Generating citations page...
Counting members...
Counting data structures...
Resolving user defined references...
Finding anchors and sections in the documentation...
Transferring function references...
Combining using relations...
Adding members to index pages...
Correcting members for VHDL...
Computing tooltip texts...
Generating style sheet...
Generating search indices...
Generating example documentation...
Generating file sources...
Generating code for file /home/acepitech/Epitech/stage/SCRAT/druid/include/druid.h...
Generating code for file /home/acepitech/Epitech/stage/SCRAT/druid/include/seen_devices.h...
Generating file documentation...
Generating docs for file /home/acepitech/Epitech/stage/SCRAT/druid/include/druid.h...
Generating docs for file /home/acepitech/Epitech/stage/SCRAT/druid/include/seen_devices.h...
Generating docs for file /home/acepitech/Epitech/stage/SCRAT/druid/src/display_file.c...
Generating docs for file /home/acepitech/Epitech/stage/SCRAT/druid/src/display_risk_stats_and_unknown_device.c...
Generating docs for file /home/acepitech/Epitech/stage/SCRAT/druid/src/free_usb_db_entry.c...
Generating docs for file /home/acepitech/Epitech/stage/SCRAT/druid/src/handle_cli_info_flags.c...
Generating docs for file /home/acepitech/Epitech/stage/SCRAT/druid/src/init_struct_db_and_device.c...
Generating docs for file /home/acepitech/Epitech/stage/SCRAT/druid/src/init_usb_enumerator.c...
Generating docs for file /home/acepitech/Epitech/stage/SCRAT/druid/src/load_usb_db_from_file.c...
Generating docs for file /home/acepitech/Epitech/stage/SCRAT/druid/src/main.c...
Generating docs for file /home/acepitech/Epitech/stage/SCRAT/druid/src/scan_connected_usb_and_check_risks.c...
Generating page documentation...
Generating group documentation...
Generating class documentation...
Generating docs for compound cli_args_s...
Generating docs for compound data_usb_con_s...
Generating docs for compound seen_device_s...
Generating docs for compound usb_db_entry_s...
Generating docs for compound usb_db_s...
Generating docs for compound usb_risk_stats_s...
Generating docs for compound usb_tools_s...
Generating concept documentation...
Generating module documentation...
Generating namespace documentation...
Generating graph info page...
Generating directory documentation...
Generating index page...
Generating page index...
Generating topic index...
Generating module index...
Generating module member index...
Generating namespace index...
Generating namespace member index...
Generating concept index...
Generating annotated compound index...
Generating alphabetical compound index...
Generating hierarchical class index...
Generating member index...
Generating file index...
Generating file member index...
Generating example index...
finalizing index lists...
writing tag file...
Running plantuml with JAVA...
type lookup cache used 97/65536 hits=473 misses=111
symbol lookup cache used 124/65536 hits=113 misses=124
finished...
